# JRE version: OpenJDK Runtime Environment Temurin-21.0.11+10 (21.0.11+10) (build 21.0.11+10-LTS)
# Java VM: OpenJDK 64-Bit Server VM Temurin-21.0.11+10 (21.0.11+10-LTS, mixed mode, sharing, tiered, compressed oops, compressed class ptrs, parallel gc, windows-amd64)
GC Precious Log:
 CardTable entry size: 512
 CPUs: 16 total, 16 available
 Memory: 16069M
 Large Page Support: Disabled
 NUMA Support: Disabled
 Compressed Oops: Enabled (32-bit)
 Alignments: Space 512K, Generation 512K, Heap 2M
 Heap Min Capacity: 100M
 Heap Initial Capacity: 100M
 Heap Max Capacity: 2G
 Pre-touch: Disabled
 Parallel Workers: 13
Heap:
 PSYoungGen      total 17408K, used 4769K [0x00000000d5580000, 0x00000000d6900000, 0x0000000100000000)
  eden space 15872K, 22% used [0x00000000d5580000,0x00000000d58eb8a8,0x00000000d6500000)
  from space 1536K, 82% used [0x00000000d6500000,0x00000000d663cbe8,0x00000000d6680000)
  to   space 2048K, 0% used [0x00000000d6700000,0x00000000d6700000,0x00000000d6900000)
 ParOldGen       total 68608K, used 44132K [0x0000000080000000, 0x0000000084300000, 0x00000000d5580000)
  object space 68608K, 64% used [0x0000000080000000,0x0000000082b19288,0x0000000084300000)
 Metaspace       used 60809K, committed 62208K, reserved 1114112K
  class space    used 6518K, committed 7104K, reserved 1048576K
GC Heap History (20 events):
Event: 46.832 GC heap before
{Heap before GC invocations=29 (full 2):
 PSYoungGen      total 20480K, used 20471K [0x00000000d5580000, 0x00000000d7500000, 0x0000000100000000)
  eden space 17920K, 100% used [0x00000000d5580000,0x00000000d6700000,0x00000000d6700000)
  from space 2560K, 99% used [0x00000000d6c80000,0x00000000d6efddf0,0x00000000d6f00000)
  to   space 5632K, 0% used [0x00000000d6700000,0x00000000d6700000,0x00000000d6c80000)
 ParOldGen       total 68608K, used 38959K [0x0000000080000000, 0x0000000084300000, 0x00000000d5580000)
  object space 68608K, 56% used [0x0000000080000000,0x000000008260be88,0x0000000084300000)
 Metaspace       used 51152K, committed 52224K, reserved 1114112K
  class space    used 5544K, committed 6016K, reserved 1048576K
}
Event: 46.837 GC heap after
{Heap after GC invocations=29 (full 2):
 PSYoungGen      total 18432K, used 512K [0x00000000d5580000, 0x00000000d6d00000, 0x0000000100000000)
  eden space 17920K, 0% used [0x00000000d5580000,0x00000000d5580000,0x00000000d6700000)
  from space 512K, 100% used [0x00000000d6700000,0x00000000d6780000,0x00000000d6780000)
  to   space 2560K, 0% used [0x00000000d6a80000,0x00000000d6a80000,0x00000000d6d00000)
 ParOldGen       total 68608K, used 41468K [0x0000000080000000, 0x0000000084300000, 0x00000000d5580000)
  object space 68608K, 60% used [0x0000000080000000,0x000000008287f1d8,0x0000000084300000)
 Metaspace       used 51152K, committed 52224K, reserved 1114112K
  class space    used 5544K, committed 6016K, reserved 1048576K
}
Event: 47.291 GC heap before
{Heap before GC invocations=30 (full 2):
 PSYoungGen      total 18432K, used 18432K [0x00000000d5580000, 0x00000000d6d00000, 0x0000000100000000)
  eden space 17920K, 100% used [0x00000000d5580000,0x00000000d6700000,0x00000000d6700000)
  from space 512K, 100% used [0x00000000d6700000,0x00000000d6780000,0x00000000d6780000)
  to   space 2560K, 0% used [0x00000000d6a80000,0x00000000d6a80000,0x00000000d6d00000)
 ParOldGen       total 68608K, used 41468K [0x0000000080000000, 0x0000000084300000, 0x00000000d5580000)
  object space 68608K, 60% used [0x0000000080000000,0x000000008287f1d8,0x0000000084300000)
 Metaspace       used 52111K, committed 53248K, reserved 1114112K
  class space    used 5628K, committed 6144K, reserved 1048576K
}
Event: 47.295 GC heap after
{Heap after GC invocations=30 (full 2):
 PSYoungGen      total 20480K, used 2050K [0x00000000d5580000, 0x00000000d6d00000, 0x0000000100000000)
  eden space 17920K, 0% used [0x00000000d5580000,0x00000000d5580000,0x00000000d6700000)
  from space 2560K, 80% used [0x00000000d6a80000,0x00000000d6c808f8,0x00000000d6d00000)
  to   space 2560K, 0% used [0x00000000d6800000,0x00000000d6800000,0x00000000d6a80000)
 ParOldGen       total 68608K, used 41732K [0x0000000080000000, 0x0000000084300000, 0x00000000d5580000)
  object space 68608K, 60% used [0x0000000080000000,0x00000000828c11d8,0x0000000084300000)
 Metaspace       used 52111K, committed 53248K, reserved 1114112K
  class space    used 5628K, committed 6144K, reserved 1048576K
}
Event: 47.423 GC heap before
{Heap before GC invocations=31 (full 2):
 PSYoungGen      total 20480K, used 19970K [0x00000000d5580000, 0x00000000d6d00000, 0x0000000100000000)
  eden space 17920K, 100% used [0x00000000d5580000,0x00000000d6700000,0x00000000d6700000)
  from space 2560K, 80% used [0x00000000d6a80000,0x00000000d6c808f8,0x00000000d6d00000)
  to   space 2560K, 0% used [0x00000000d6800000,0x00000000d6800000,0x00000000d6a80000)
 ParOldGen       total 68608K, used 41732K [0x0000000080000000, 0x0000000084300000, 0x00000000d5580000)
  object space 68608K, 60% used [0x0000000080000000,0x00000000828c11d8,0x0000000084300000)
 Metaspace       used 52130K, committed 53248K, reserved 1114112K
  class space    used 5628K, committed 6144K, reserved 1048576K
}
Event: 47.426 GC heap after
{Heap after GC invocations=31 (full 2):
 PSYoungGen      total 18944K, used 662K [0x00000000d5580000, 0x00000000d6b00000, 0x0000000100000000)
  eden space 17920K, 0% used [0x00000000d5580000,0x00000000d5580000,0x00000000d6700000)
  from space 1024K, 64% used [0x00000000d6800000,0x00000000d68a59e8,0x00000000d6900000)
  to   space 1536K, 0% used [0x00000000d6980000,0x00000000d6980000,0x00000000d6b00000)
 ParOldGen       total 68608K, used 42695K [0x0000000080000000, 0x0000000084300000, 0x00000000d5580000)
  object space 68608K, 62% used [0x0000000080000000,0x00000000829b1e78,0x0000000084300000)
 Metaspace       used 52130K, committed 53248K, reserved 1114112K
  class space    used 5628K, committed 6144K, reserved 1048576K
}
Event: 47.818 GC heap before
{Heap before GC invocations=32 (full 2):
 PSYoungGen      total 18944K, used 18582K [0x00000000d5580000, 0x00000000d6b00000, 0x0000000100000000)
  eden space 17920K, 100% used [0x00000000d5580000,0x00000000d6700000,0x00000000d6700000)
  from space 1024K, 64% used [0x00000000d6800000,0x00000000d68a59e8,0x00000000d6900000)
  to   space 1536K, 0% used [0x00000000d6980000,0x00000000d6980000,0x00000000d6b00000)
 ParOldGen       total 68608K, used 42695K [0x0000000080000000, 0x0000000084300000, 0x00000000d5580000)
  object space 68608K, 62% used [0x0000000080000000,0x00000000829b1e78,0x0000000084300000)
 Metaspace       used 53783K, committed 54912K, reserved 1114112K
  class space    used 5758K, committed 6272K, reserved 1048576K
}
Event: 47.820 GC heap after
{Heap after GC invocations=32 (full 2):
 PSYoungGen      total 18432K, used 496K [0x00000000d5580000, 0x00000000d6a00000, 0x0000000100000000)
  eden space 17920K, 0% used [0x00000000d5580000,0x00000000d5580000,0x00000000d6700000)
  from space 512K, 96% used [0x00000000d6980000,0x00000000d69fc010,0x00000000d6a00000)
  to   space 1024K, 0% used [0x00000000d6800000,0x00000000d6800000,0x00000000d6900000)
 ParOldGen       total 68608K, used 42719K [0x0000000080000000, 0x0000000084300000, 0x00000000d5580000)
  object space 68608K, 62% used [0x0000000080000000,0x00000000829b7e78,0x0000000084300000)
 Metaspace       used 53783K, committed 54912K, reserved 1114112K
  class space    used 5758K, committed 6272K, reserved 1048576K
}
Event: 48.478 GC heap before
{Heap before GC invocations=33 (full 2):
 PSYoungGen      total 18432K, used 18416K [0x00000000d5580000, 0x00000000d6a00000, 0x0000000100000000)
  eden space 17920K, 100% used [0x00000000d5580000,0x00000000d6700000,0x00000000d6700000)
  from space 512K, 96% used [0x00000000d6980000,0x00000000d69fc010,0x00000000d6a00000)
  to   space 1024K, 0% used [0x00000000d6800000,0x00000000d6800000,0x00000000d6900000)
 ParOldGen       total 68608K, used 42719K [0x0000000080000000, 0x0000000084300000, 0x00000000d5580000)
  object space 68608K, 62% used [0x0000000080000000,0x00000000829b7e78,0x0000000084300000)
 Metaspace       used 55667K, committed 56960K, reserved 1114112K
  class space    used 5969K, committed 6528K, reserved 1048576K
}
Event: 48.482 GC heap after
{Heap after GC invocations=33 (full 2):
 PSYoungGen      total 18944K, used 760K [0x00000000d5580000, 0x00000000d6a00000, 0x0000000100000000)
  eden space 17920K, 0% used [0x00000000d5580000,0x00000000d5580000,0x00000000d6700000)
  from space 1024K, 74% used [0x00000000d6800000,0x00000000d68be1d8,0x00000000d6900000)
  to   space 1024K, 0% used [0x00000000d6900000,0x00000000d6900000,0x00000000d6a00000)
 ParOldGen       total 68608K, used 42983K [0x0000000080000000, 0x0000000084300000, 0x00000000d5580000)
  object space 68608K, 62% used [0x0000000080000000,0x00000000829f9e98,0x0000000084300000)
 Metaspace       used 55667K, committed 56960K, reserved 1114112K
  class space    used 5969K, committed 6528K, reserved 1048576K
}
Event: 49.101 GC heap before
{Heap before GC invocations=34 (full 2):
 PSYoungGen      total 18944K, used 18679K [0x00000000d5580000, 0x00000000d6a00000, 0x0000000100000000)
  eden space 17920K, 99% used [0x00000000d5580000,0x00000000d66ffb90,0x00000000d6700000)
  from space 1024K, 74% used [0x00000000d6800000,0x00000000d68be1d8,0x00000000d6900000)
  to   space 1024K, 0% used [0x00000000d6900000,0x00000000d6900000,0x00000000d6a00000)
 ParOldGen       total 68608K, used 42983K [0x0000000080000000, 0x0000000084300000, 0x00000000d5580000)
  object space 68608K, 62% used [0x0000000080000000,0x00000000829f9e98,0x0000000084300000)
 Metaspace       used 58104K, committed 59456K, reserved 1114112K
  class space    used 6238K, committed 6848K, reserved 1048576K
}
Event: 49.105 GC heap after
{Heap after GC invocations=34 (full 2):
 PSYoungGen      total 18432K, used 999K [0x00000000d5580000, 0x00000000d6c00000, 0x0000000100000000)
  eden space 17408K, 0% used [0x00000000d5580000,0x00000000d5580000,0x00000000d6680000)
  from space 1024K, 97% used [0x00000000d6900000,0x00000000d69f9e18,0x00000000d6a00000)
  to   space 2560K, 0% used [0x00000000d6680000,0x00000000d6680000,0x00000000d6900000)
 ParOldGen       total 68608K, used 44057K [0x0000000080000000, 0x0000000084300000, 0x00000000d5580000)
  object space 68608K, 64% used [0x0000000080000000,0x0000000082b06790,0x0000000084300000)
 Metaspace       used 58104K, committed 59456K, reserved 1114112K
  class space    used 6238K, committed 6848K, reserved 1048576K
}
Event: 49.189 GC heap before
{Heap before GC invocations=35 (full 2):
 PSYoungGen      total 18432K, used 3625K [0x00000000d5580000, 0x00000000d6c00000, 0x0000000100000000)
  eden space 17408K, 15% used [0x00000000d5580000,0x00000000d5810978,0x00000000d6680000)
  from space 1024K, 97% used [0x00000000d6900000,0x00000000d69f9e18,0x00000000d6a00000)
  to   space 2560K, 0% used [0x00000000d6680000,0x00000000d6680000,0x00000000d6900000)
 ParOldGen       total 68608K, used 44057K [0x0000000080000000, 0x0000000084300000, 0x00000000d5580000)
  object space 68608K, 64% used [0x0000000080000000,0x0000000082b06790,0x0000000084300000)
 Metaspace       used 58475K, committed 59776K, reserved 1114112K
  class space    used 6274K, committed 6848K, reserved 1048576K
}
Event: 49.193 GC heap after
{Heap after GC invocations=35 (full 2):
 PSYoungGen      total 18432K, used 607K [0x00000000d5580000, 0x00000000d6a00000, 0x0000000100000000)
  eden space 17408K, 0% used [0x00000000d5580000,0x00000000d5580000,0x00000000d6680000)
  from space 1024K, 59% used [0x00000000d6680000,0x00000000d6717cc8,0x00000000d6780000)
  to   space 1536K, 0% used [0x00000000d6880000,0x00000000d6880000,0x00000000d6a00000)
 ParOldGen       total 68608K, used 44940K [0x0000000080000000, 0x0000000084300000, 0x00000000d5580000)
  object space 68608K, 65% used [0x0000000080000000,0x0000000082be31f8,0x0000000084300000)
 Metaspace       used 58475K, committed 59776K, reserved 1114112K
  class space    used 6274K, committed 6848K, reserved 1048576K
}
Event: 49.193 GC heap before
{Heap before GC invocations=36 (full 3):
 PSYoungGen      total 18432K, used 607K [0x00000000d5580000, 0x00000000d6a00000, 0x0000000100000000)
  eden space 17408K, 0% used [0x00000000d5580000,0x00000000d5580000,0x00000000d6680000)
  from space 1024K, 59% used [0x00000000d6680000,0x00000000d6717cc8,0x00000000d6780000)
  to   space 1536K, 0% used [0x00000000d6880000,0x00000000d6880000,0x00000000d6a00000)
 ParOldGen       total 68608K, used 44940K [0x0000000080000000, 0x0000000084300000, 0x00000000d5580000)
  object space 68608K, 65% used [0x0000000080000000,0x0000000082be31f8,0x0000000084300000)
 Metaspace       used 58475K, committed 59776K, reserved 1114112K
  class space    used 6274K, committed 6848K, reserved 1048576K
}
Event: 49.325 GC heap after
{Heap after GC invocations=36 (full 3):
 PSYoungGen      total 18432K, used 0K [0x00000000d5580000, 0x00000000d6a00000, 0x0000000100000000)
  eden space 17408K, 0% used [0x00000000d5580000,0x00000000d5580000,0x00000000d6680000)
  from space 1024K, 0% used [0x00000000d6680000,0x00000000d6680000,0x00000000d6780000)
  to   space 1536K, 0% used [0x00000000d6880000,0x00000000d6880000,0x00000000d6a00000)
 ParOldGen       total 68608K, used 41687K [0x0000000080000000, 0x0000000084300000, 0x00000000d5580000)
  object space 68608K, 60% used [0x0000000080000000,0x00000000828b5eb8,0x0000000084300000)
 Metaspace       used 58475K, committed 59776K, reserved 1114112K
  class space    used 6274K, committed 6848K, reserved 1048576K
}
Event: 49.675 GC heap before
{Heap before GC invocations=37 (full 3):
 PSYoungGen      total 18432K, used 17408K [0x00000000d5580000, 0x00000000d6a00000, 0x0000000100000000)
  eden space 17408K, 100% used [0x00000000d5580000,0x00000000d6680000,0x00000000d6680000)
  from space 1024K, 0% used [0x00000000d6680000,0x00000000d6680000,0x00000000d6780000)
  to   space 1536K, 0% used [0x00000000d6880000,0x00000000d6880000,0x00000000d6a00000)
 ParOldGen       total 68608K, used 41687K [0x0000000080000000, 0x0000000084300000, 0x00000000d5580000)
  object space 68608K, 60% used [0x0000000080000000,0x00000000828b5eb8,0x0000000084300000)
 Metaspace       used 59564K, committed 60928K, reserved 1114112K
  class space    used 6389K, committed 6976K, reserved 1048576K
}
Event: 49.680 GC heap after
{Heap after GC invocations=37 (full 3):
 PSYoungGen      total 17408K, used 1530K [0x00000000d5580000, 0x00000000d6d80000, 0x0000000100000000)
  eden space 15872K, 0% used [0x00000000d5580000,0x00000000d5580000,0x00000000d6500000)
  from space 1536K, 99% used [0x00000000d6880000,0x00000000d69feb98,0x00000000d6a00000)
  to   space 3584K, 0% used [0x00000000d6500000,0x00000000d6500000,0x00000000d6880000)
 ParOldGen       total 68608K, used 43157K [0x0000000080000000, 0x0000000084300000, 0x00000000d5580000)
  object space 68608K, 62% used [0x0000000080000000,0x0000000082a25460,0x0000000084300000)
 Metaspace       used 59564K, committed 60928K, reserved 1114112K
  class space    used 6389K, committed 6976K, reserved 1048576K
}
Event: 62.592 GC heap before
{Heap before GC invocations=38 (full 3):
 PSYoungGen      total 17408K, used 17402K [0x00000000d5580000, 0x00000000d6d80000, 0x0000000100000000)
  eden space 15872K, 100% used [0x00000000d5580000,0x00000000d6500000,0x00000000d6500000)
  from space 1536K, 99% used [0x00000000d6880000,0x00000000d69feb98,0x00000000d6a00000)
  to   space 3584K, 0% used [0x00000000d6500000,0x00000000d6500000,0x00000000d6880000)
 ParOldGen       total 68608K, used 43157K [0x0000000080000000, 0x0000000084300000, 0x00000000d5580000)
  object space 68608K, 62% used [0x0000000080000000,0x0000000082a25460,0x0000000084300000)
 Metaspace       used 60681K, committed 62080K, reserved 1114112K
  class space    used 6499K, committed 7104K, reserved 1048576K
}
Event: 62.597 GC heap after
{Heap after GC invocations=38 (full 3):
 PSYoungGen      total 17408K, used 1266K [0x00000000d5580000, 0x00000000d6900000, 0x0000000100000000)
  eden space 15872K, 0% used [0x00000000d5580000,0x00000000d5580000,0x00000000d6500000)
  from space 1536K, 82% used [0x00000000d6500000,0x00000000d663cbe8,0x00000000d6680000)
  to   space 2048K, 0% used [0x00000000d6700000,0x00000000d6700000,0x00000000d6900000)
 ParOldGen       total 68608K, used 44132K [0x0000000080000000, 0x0000000084300000, 0x00000000d5580000)
  object space 68608K, 64% used [0x0000000080000000,0x0000000082b19288,0x0000000084300000)
 Metaspace       used 60681K, committed 62080K, reserved 1114112K
  class space    used 6499K, committed 7104K, reserved 1048576K
}

